<?xml version="1.0" encoding="UTF-8" ?>
<testsuite tests="7" failures="0" name="se.nackademin.examination.examination_jacoco.DataAnalysisTest" time="0.014" errors="0" skipped="0">
  <properties>
[...]
</properties>
  <testcase classname="se.nackademin.examination.examination_jacoco.DataAnalysisTest" name="test1" time="0.008"/>
  <testcase classname="se.nackademin.examination.examination_jacoco.DataAnalysisTest" name="test2" time="0.001"/>
  <testcase classname="se.nackademin.examination.examination_jacoco.DataAnalysisTest" name="test3" time="0.001"/>
  <testcase classname="se.nackademin.examination.examination_jacoco.DataAnalysisTest" name="test4" time="0"/>
  <testcase classname="se.nackademin.examination.examination_jacoco.DataAnalysisTest" name="test5" time="0.003"/>
  <testcase classname="se.nackademin.examination.examination_jacoco.DataAnalysisTest" name="test6" time="0.001"/>
  <testcase classname="se.nackademin.examination.examination_jacoco.DataAnalysisTest" name="test7" time="0"/>
</testsuite>